<?xml version="1.0" encoding="UTF-8"?>
<testsuite name="MapTests.SmallBucketMapRemoveTest" tests="2" skipped="0" failures="0" errors="0" timestamp="2016-09-18T01:04:37" hostname="painappuru" time="0.003">
  <properties/>
  <testcase name="setUp" classname="MapTests.SmallBucketMapRemoveTest" time="0.002"/>
  <testcase name="testRemove" classname="MapTests.SmallBucketMapRemoveTest" time="0.0"/>
  <system-out><![CDATA[]]></system-out>
  <system-err><![CDATA[]]></system-err>
</testsuite>
