<?xml version="1.0" encoding="UTF-8"?>
<testsuite name="MapTests.EmptyMapTest" tests="4" skipped="0" failures="0" errors="0" timestamp="2016-09-18T01:04:36" hostname="painappuru" time="0.33">
  <properties/>
  <testcase name="testGet" classname="MapTests.EmptyMapTest" time="0.13"/>
  <testcase name="testSize" classname="MapTests.EmptyMapTest" time="0.029"/>
  <testcase name="setUp" classname="MapTests.EmptyMapTest" time="0.127"/>
  <testcase name="testContains" classname="MapTests.EmptyMapTest" time="0.041"/>
  <system-out><![CDATA[]]></system-out>
  <system-err><![CDATA[]]></system-err>
</testsuite>
