<?xml version="1.0" encoding="UTF-8"?>
<testsuite name="MapTests.MapTest" tests="5" skipped="0" failures="0" errors="0" timestamp="2016-09-18T01:04:37" hostname="painappuru" time="0.964">
  <properties/>
  <testcase name="testGet" classname="MapTests.MapTest" time="0.764"/>
  <testcase name="testSize" classname="MapTests.MapTest" time="0.067"/>
  <testcase name="setUp" classname="MapTests.MapTest" time="0.032"/>
  <testcase name="testContains" classname="MapTests.MapTest" time="0.049"/>
  <testcase name="testRemove" classname="MapTests.MapTest" time="0.045"/>
  <system-out><![CDATA[]]></system-out>
  <system-err><![CDATA[]]></system-err>
</testsuite>
